0 info it worked if it ends with ok
1 verbose cli [ '/home/bdinis/.nvm/v0.10.38/bin/node',
1 verbose cli   '/home/bdinis/.nvm/v0.10.38/bin/npm',
1 verbose cli   'run',
1 verbose cli   'gen-keys' ]
2 info using npm@1.4.28
3 info using node@v0.10.38
4 verbose run-script [ 'pregen-keys', 'gen-keys', 'postgen-keys' ]
5 info pregen-keys corlief@1.0.0
6 info gen-keys corlief@1.0.0
7 verbose unsafe-perm in lifecycle true
8 info corlief@1.0.0 Failed to exec gen-keys script
9 error corlief@1.0.0 gen-keys: `ssh-keygen -t rsa -b 4096 -f ./keys/jwtRS256.key -q -N ""; openssl rsa -in ./keys/jwtRS256.key -pubout -outform PEM -out ./keys/jwtRS256.key.pub`
9 error Exit status 1
10 error Failed at the corlief@1.0.0 gen-keys script.
10 error This is most likely a problem with the corlief package,
10 error not with npm itself.
10 error Tell the author that this fails on your system:
10 error     ssh-keygen -t rsa -b 4096 -f ./keys/jwtRS256.key -q -N ""; openssl rsa -in ./keys/jwtRS256.key -pubout -outform PEM -out ./keys/jwtRS256.key.pub
10 error You can get their info via:
10 error     npm owner ls corlief
10 error There is likely additional logging output above.
11 error System Linux 4.17.12-200.fc28.x86_64
12 error command "/home/bdinis/.nvm/v0.10.38/bin/node" "/home/bdinis/.nvm/v0.10.38/bin/npm" "run" "gen-keys"
13 error cwd /home/bdinis/Documents/IST/SINFO/26/corlief
14 error node -v v0.10.38
15 error npm -v 1.4.28
16 error code ELIFECYCLE
17 verbose exit [ 1, true ]
